RooWorkspace(sr2018failrecoil0) sr2018failrecoil0 contents

variables
---------
(btag2018,fjmass,jec2018,lumi2018,sf_tt2018,sr2018_tt_recoil0,sr2018_ttshape_fail_mass0,sr2018_ttshape_fail_mass1,sr2018_ttshape_fail_mass10,sr2018_ttshape_fail_mass11,sr2018_ttshape_fail_mass12,sr2018_ttshape_fail_mass13,sr2018_ttshape_fail_mass14,sr2018_ttshape_fail_mass15,sr2018_ttshape_fail_mass16,sr2018_ttshape_fail_mass2,sr2018_ttshape_fail_mass3,sr2018_ttshape_fail_mass4,sr2018_ttshape_fail_mass5,sr2018_ttshape_fail_mass6,sr2018_ttshape_fail_mass7,sr2018_ttshape_fail_mass8,sr2018_ttshape_fail_mass9,sr2018failrecoil0_Mhs_50_norm,sr2018failrecoil0_channel,sr2018failrecoil0_dyjetsMC_norm,sr2018failrecoil0_hbbMC_norm,sr2018failrecoil0_qcdMC_norm,sr2018failrecoil0_stMC_norm,sr2018failrecoil0_vvMC_norm,sr2018failrecoil0_wjetsMC_bin0_nominal,sr2018failrecoil0_wjetsMC_bin10_nominal,sr2018failrecoil0_wjetsMC_bin11_nominal,sr2018failrecoil0_wjetsMC_bin12_nominal,sr2018failrecoil0_wjetsMC_bin13_nominal,sr2018failrecoil0_wjetsMC_bin14_nominal,sr2018failrecoil0_wjetsMC_bin15_nominal,sr2018failrecoil0_wjetsMC_bin16_nominal,sr2018failrecoil0_wjetsMC_bin1_nominal,sr2018failrecoil0_wjetsMC_bin2_nominal,sr2018failrecoil0_wjetsMC_bin3_nominal,sr2018failrecoil0_wjetsMC_bin4_nominal,sr2018failrecoil0_wjetsMC_bin5_nominal,sr2018failrecoil0_wjetsMC_bin6_nominal,sr2018failrecoil0_wjetsMC_bin7_nominal,sr2018failrecoil0_wjetsMC_bin8_nominal,sr2018failrecoil0_wjetsMC_bin9_nominal,sr2018failrecoil0_zjetsMC_bin0_nominal,sr2018failrecoil0_zjetsMC_bin10_nominal,sr2018failrecoil0_zjetsMC_bin11_nominal,sr2018failrecoil0_zjetsMC_bin12_nominal,sr2018failrecoil0_zjetsMC_bin13_nominal,sr2018failrecoil0_zjetsMC_bin14_nominal,sr2018failrecoil0_zjetsMC_bin15_nominal,sr2018failrecoil0_zjetsMC_bin16_nominal,sr2018failrecoil0_zjetsMC_bin1_nominal,sr2018failrecoil0_zjetsMC_bin2_nominal,sr2018failrecoil0_zjetsMC_bin3_nominal,sr2018failrecoil0_zjetsMC_bin4_nominal,sr2018failrecoil0_zjetsMC_bin5_nominal,sr2018failrecoil0_zjetsMC_bin6_nominal,sr2018failrecoil0_zjetsMC_bin7_nominal,sr2018failrecoil0_zjetsMC_bin8_nominal,sr2018failrecoil0_zjetsMC_bin9_nominal,sr2018failrecoil0_zjets_bin0,sr2018failrecoil0_zjets_bin1,sr2018failrecoil0_zjets_bin10,sr2018failrecoil0_zjets_bin11,sr2018failrecoil0_zjets_bin12,sr2018failrecoil0_zjets_bin13,sr2018failrecoil0_zjets_bin14,sr2018failrecoil0_zjets_bin15,sr2018failrecoil0_zjets_bin16,sr2018failrecoil0_zjets_bin2,sr2018failrecoil0_zjets_bin3,sr2018failrecoil0_zjets_bin4,sr2018failrecoil0_zjets_bin5,sr2018failrecoil0_zjets_bin6,sr2018failrecoil0_zjets_bin7,sr2018failrecoil0_zjets_bin8,sr2018failrecoil0_zjets_bin9,trig_met2018,veto_tau2018,whf_fraction,wjets_norm,zhf_fraction,zjets_norm)

p.d.f.s
-------
RooAddPdf::sr2018failrecoil0[ sr2018failrecoil0_zjets_norm * sr2018failrecoil0_zjets + sr2018failrecoil0_wjets_norm * sr2018failrecoil0_wjets + sr2018failrecoil0_tt_norm * sr2018failrecoil0_tt + sr2018failrecoil0_stMC_norm * sr2018failrecoil0_stMC + sr2018failrecoil0_dyjetsMC_norm * sr2018failrecoil0_dyjetsMC + sr2018failrecoil0_vvMC_norm * sr2018failrecoil0_vvMC + sr2018failrecoil0_hbbMC_norm * sr2018failrecoil0_hbbMC + sr2018failrecoil0_qcdMC_norm * sr2018failrecoil0_qcdMC + sr2018failrecoil0_Mhs_50_norm * sr2018failrecoil0_Mhs_50 ] = 0.0106934
RooHistPdf::sr2018failrecoil0_Mhs_50[ pdfObs=(fjmass) ] = 3.84847
RooHistPdf::sr2018failrecoil0_dyjetsMC[ pdfObs=(fjmass) ] = 3.59024
RooHistPdf::sr2018failrecoil0_hbbMC[ pdfObs=(fjmass) ] = 0.0740746
RooHistPdf::sr2018failrecoil0_qcdMC[ pdfObs=(fjmass) ] = 8.63526
RooSimultaneous::sr2018failrecoil0_simPdf[ indexCat=sr2018failrecoil0_channel sr2018failrecoil0=sr2018failrecoil0 ] = 0.0106934
RooHistPdf::sr2018failrecoil0_stMC[ pdfObs=(fjmass) ] = 4.08359
RooParametricStepFunction::sr2018failrecoil0_tt[ x=fjmass coefList=(sr2018failrecoil0_tt_bin0_density,sr2018failrecoil0_tt_bin1_density,sr2018failrecoil0_tt_bin2_density,sr2018failrecoil0_tt_bin3_density,sr2018failrecoil0_tt_bin4_density,sr2018failrecoil0_tt_bin5_density,sr2018failrecoil0_tt_bin6_density,sr2018failrecoil0_tt_bin7_density,sr2018failrecoil0_tt_bin8_density,sr2018failrecoil0_tt_bin9_density,sr2018failrecoil0_tt_bin10_density,sr2018failrecoil0_tt_bin11_density,sr2018failrecoil0_tt_bin12_density,sr2018failrecoil0_tt_bin13_density,sr2018failrecoil0_tt_bin14_density,sr2018failrecoil0_tt_bin15_density) ] = 0.00458345
RooHistPdf::sr2018failrecoil0_vvMC[ pdfObs=(fjmass) ] = 12.6271
RooParametricStepFunction::sr2018failrecoil0_wjets[ x=fjmass coefList=(sr2018failrecoil0_wjets_bin0_density,sr2018failrecoil0_wjets_bin1_density,sr2018failrecoil0_wjets_bin2_density,sr2018failrecoil0_wjets_bin3_density,sr2018failrecoil0_wjets_bin4_density,sr2018failrecoil0_wjets_bin5_density,sr2018failrecoil0_wjets_bin6_density,sr2018failrecoil0_wjets_bin7_density,sr2018failrecoil0_wjets_bin8_density,sr2018failrecoil0_wjets_bin9_density,sr2018failrecoil0_wjets_bin10_density,sr2018failrecoil0_wjets_bin11_density,sr2018failrecoil0_wjets_bin12_density,sr2018failrecoil0_wjets_bin13_density,sr2018failrecoil0_wjets_bin14_density,sr2018failrecoil0_wjets_bin15_density) ] = 0.00194249
RooParametricStepFunction::sr2018failrecoil0_zjets[ x=fjmass coefList=(sr2018failrecoil0_zjets_bin0_density,sr2018failrecoil0_zjets_bin1_density,sr2018failrecoil0_zjets_bin2_density,sr2018failrecoil0_zjets_bin3_density,sr2018failrecoil0_zjets_bin4_density,sr2018failrecoil0_zjets_bin5_density,sr2018failrecoil0_zjets_bin6_density,sr2018failrecoil0_zjets_bin7_density,sr2018failrecoil0_zjets_bin8_density,sr2018failrecoil0_zjets_bin9_density,sr2018failrecoil0_zjets_bin10_density,sr2018failrecoil0_zjets_bin11_density,sr2018failrecoil0_zjets_bin12_density,sr2018failrecoil0_zjets_bin13_density,sr2018failrecoil0_zjets_bin14_density,sr2018failrecoil0_zjets_bin15_density) ] = 0.00191496

functions
--------
RooFormulaVar::btag2018_smoothstep[ actualVars=(btag2018) formula="(((0.1875*@0*@0 - 0.625)*@0*@0 + 0.9375)*@0 + 0.5)*TMath::Sign(1, 1+@0)*TMath::Sign(1, 1-@0) + 1 - TMath::Sign(1, 1-@0)" ] = 0.5
RooFormulaVar::sr2018failrecoil0_tt_bin0[ actualVars=(sr2018_ttshape_fail_mass0,sr2018_tt_recoil0,sf_tt2018) formula="((@0*@1)*(1-(@2*0.5)))" ] = 1.93612e+06
RooFormulaVar::sr2018failrecoil0_tt_bin0_density[ actualVars=(sr2018failrecoil0_tt_norm,sr2018failrecoil0_tt_bin0) formula="((@1/40.0)/@0)" ] = 0.00215783
RooFormulaVar::sr2018failrecoil0_tt_bin1[ actualVars=(sf_tt2018,sr2018_ttshape_fail_mass1,sr2018_tt_recoil0) formula="((@1*@2)*(1-(@0*0.5)))" ] = 163975
RooFormulaVar::sr2018failrecoil0_tt_bin10[ actualVars=(sr2018_ttshape_fail_mass10,sr2018_tt_recoil0,sf_tt2018) formula="((@0*@1)*(1-(@2*0.5)))" ] = 1.65395e+06
RooFormulaVar::sr2018failrecoil0_tt_bin10_density[ actualVars=(sr2018failrecoil0_tt_bin10,sr2018failrecoil0_tt_norm) formula="((@0/20.0)/@1)" ] = 0.00368669
RooFormulaVar::sr2018failrecoil0_tt_bin11[ actualVars=(sf_tt2018,sr2018_ttshape_fail_mass11,sr2018_tt_recoil0) formula="((@1*@2)*(1-(@0*0.5)))" ] = 1.02813e+06
RooFormulaVar::sr2018failrecoil0_tt_bin11_density[ actualVars=(sr2018failrecoil0_tt_norm,sr2018failrecoil0_tt_bin11) formula="((@1/10.0)/@0)" ] = 0.00458345
RooFormulaVar::sr2018failrecoil0_tt_bin12[ actualVars=(sr2018_ttshape_fail_mass12,sr2018_tt_recoil0,sf_tt2018) formula="((@0*@1)*(1-(@2*0.5)))" ] = 2.8426e+06
RooFormulaVar::sr2018failrecoil0_tt_bin12_density[ actualVars=(sr2018failrecoil0_tt_bin12,sr2018failrecoil0_tt_norm) formula="((@0/20.0)/@1)" ] = 0.00633622
RooFormulaVar::sr2018failrecoil0_tt_bin13[ actualVars=(sf_tt2018,sr2018_ttshape_fail_mass13,sr2018_tt_recoil0) formula="((@1*@2)*(1-(@0*0.5)))" ] = 2.58229e+06
RooFormulaVar::sr2018failrecoil0_tt_bin13_density[ actualVars=(sr2018failrecoil0_tt_norm,sr2018failrecoil0_tt_bin13) formula="((@1/20.0)/@0)" ] = 0.00575597
RooFormulaVar::sr2018failrecoil0_tt_bin14[ actualVars=(sr2018_ttshape_fail_mass14,sr2018_tt_recoil0,sf_tt2018) formula="((@0*@1)*(1-(@2*0.5)))" ] = 1.88225e+06
RooFormulaVar::sr2018failrecoil0_tt_bin14_density[ actualVars=(sr2018failrecoil0_tt_bin14,sr2018failrecoil0_tt_norm) formula="((@0/20.0)/@1)" ] = 0.00419557
RooFormulaVar::sr2018failrecoil0_tt_bin15[ actualVars=(sf_tt2018,sr2018_ttshape_fail_mass15,sr2018_tt_recoil0) formula="((@1*@2)*(1-(@0*0.5)))" ] = 1.22248e+06
RooFormulaVar::sr2018failrecoil0_tt_bin15_density[ actualVars=(sr2018failrecoil0_tt_norm,sr2018failrecoil0_tt_bin15) formula="((@1/20.0)/@0)" ] = 0.00272493
RooFormulaVar::sr2018failrecoil0_tt_bin16[ actualVars=(sr2018_ttshape_fail_mass16,sr2018_tt_recoil0,sf_tt2018) formula="((@0*@1)*(1-(@2*0.5)))" ] = 1.38404e+06
RooFormulaVar::sr2018failrecoil0_tt_bin1_density[ actualVars=(sr2018failrecoil0_tt_norm,sr2018failrecoil0_tt_bin1) formula="((@1/10.0)/@0)" ] = 0.000731009
RooFormulaVar::sr2018failrecoil0_tt_bin2[ actualVars=(sr2018_ttshape_fail_mass2,sr2018_tt_recoil0,sf_tt2018) formula="((@0*@1)*(1-(@2*0.5)))" ] = 291328
RooFormulaVar::sr2018failrecoil0_tt_bin2_density[ actualVars=(sr2018failrecoil0_tt_bin2,sr2018failrecoil0_tt_norm) formula="((@0/10.0)/@1)" ] = 0.00129875
RooFormulaVar::sr2018failrecoil0_tt_bin3[ actualVars=(sf_tt2018,sr2018_ttshape_fail_mass3,sr2018_tt_recoil0) formula="((@1*@2)*(1-(@0*0.5)))" ] = 400926
RooFormulaVar::sr2018failrecoil0_tt_bin3_density[ actualVars=(sr2018failrecoil0_tt_norm,sr2018failrecoil0_tt_bin3) formula="((@1/10.0)/@0)" ] = 0.00178734
RooFormulaVar::sr2018failrecoil0_tt_bin4[ actualVars=(sr2018_ttshape_fail_mass4,sr2018_tt_recoil0,sf_tt2018) formula="((@0*@1)*(1-(@2*0.5)))" ] = 1.11668e+06
RooFormulaVar::sr2018failrecoil0_tt_bin4_density[ actualVars=(sr2018failrecoil0_tt_bin4,sr2018failrecoil0_tt_norm) formula="((@0/10.0)/@1)" ] = 0.00497821
RooFormulaVar::sr2018failrecoil0_tt_bin5[ actualVars=(sf_tt2018,sr2018_ttshape_fail_mass5,sr2018_tt_recoil0) formula="((@1*@2)*(1-(@0*0.5)))" ] = 1.77779e+06
RooFormulaVar::sr2018failrecoil0_tt_bin5_density[ actualVars=(sr2018failrecoil0_tt_norm,sr2018failrecoil0_tt_bin5) formula="((@1/10.0)/@0)" ] = 0.00792545
RooFormulaVar::sr2018failrecoil0_tt_bin6[ actualVars=(sr2018_ttshape_fail_mass6,sr2018_tt_recoil0,sf_tt2018) formula="((@0*@1)*(1-(@2*0.5)))" ] = 1.53215e+06
RooFormulaVar::sr2018failrecoil0_tt_bin6_density[ actualVars=(sr2018failrecoil0_tt_bin6,sr2018failrecoil0_tt_norm) formula="((@0/10.0)/@1)" ] = 0.0068304
RooFormulaVar::sr2018failrecoil0_tt_bin7[ actualVars=(sf_tt2018,sr2018_ttshape_fail_mass7,sr2018_tt_recoil0) formula="((@1*@2)*(1-(@0*0.5)))" ] = 963810
RooFormulaVar::sr2018failrecoil0_tt_bin7_density[ actualVars=(sr2018failrecoil0_tt_norm,sr2018failrecoil0_tt_bin7) formula="((@1/10.0)/@0)" ] = 0.0042967
RooFormulaVar::sr2018failrecoil0_tt_bin8[ actualVars=(sr2018_ttshape_fail_mass8,sr2018_tt_recoil0,sf_tt2018) formula="((@0*@1)*(1-(@2*0.5)))" ] = 804351
RooFormulaVar::sr2018failrecoil0_tt_bin8_density[ actualVars=(sr2018failrecoil0_tt_bin8,sr2018failrecoil0_tt_norm) formula="((@0/10.0)/@1)" ] = 0.00358583
RooFormulaVar::sr2018failrecoil0_tt_bin9[ actualVars=(sf_tt2018,sr2018_ttshape_fail_mass9,sr2018_tt_recoil0) formula="((@1*@2)*(1-(@0*0.5)))" ] = 848509
RooFormulaVar::sr2018failrecoil0_tt_bin9_density[ actualVars=(sr2018failrecoil0_tt_norm,sr2018failrecoil0_tt_bin9) formula="((@1/10.0)/@0)" ] = 0.00378269
RooFormulaVar::sr2018failrecoil0_tt_norm[ actualVars=(sr2018failrecoil0_tt_bin6,sr2018failrecoil0_tt_bin1,sr2018failrecoil0_tt_bin14,sr2018failrecoil0_tt_bin10,sr2018failrecoil0_tt_bin4,sr2018failrecoil0_tt_bin7,sr2018failrecoil0_tt_bin3,sr2018failrecoil0_tt_bin11,sr2018failrecoil0_tt_bin2,sr2018failrecoil0_tt_bin15,sr2018failrecoil0_tt_bin13,sr2018failrecoil0_tt_bin5,sr2018failrecoil0_tt_bin12,sr2018failrecoil0_tt_bin16,sr2018failrecoil0_tt_bin8,sr2018failrecoil0_tt_bin0,sr2018failrecoil0_tt_bin9) formula="((((@15+@1)+(@8+@6))+((@4+@11)+(@0+@5)))+(((@14+@16)+(@3+@7))+((@12+@10)+(@2+(@9+@13)))))" ] = 2.24314e+07
RooFormulaVar::sr2018failrecoil0_wjets_bin0[ actualVars=(sr2018failrecoil0_wjetsMC_bin0_nominal,btag2018_smoothstep,zhf_fraction,trig_met2018,whf_fraction,sr2018failrecoil0_zjets_bin0,btag2018_smoothstep,lumi2018,jec2018,sr2018failrecoil0_zjetsMC_bin0_nominal,wjets_norm,zjets_norm,veto_tau2018,btag2018) formula="(((((((((@0*(1.01**@3))*(1.03**@12))*(0.9961592893304086**@4))*(1.4**@10))*(1.05**@8))*(1.027**@7))*((@6*(1+(88086.50605061522*@13)))+((1-@6)*(1-(88857.074368656*@13)))))/(((((((@9*(1.03**@12))*(1.01**@3))*(1.05**@8))*(1.027**@7))*(0.9901991312062343**@2))*((@6*(1+(159896.3961268293*@13)))+((1-@6)*(1-(161277.78748063734*@13)))))*(1.4**@11)))*@5)" ] = 88471.8
RooFormulaVar::sr2018failrecoil0_wjets_bin0_density[ actualVars=(sr2018failrecoil0_wjets_bin0,sr2018failrecoil0_wjets_norm) formula="((@0/40.0)/@1)" ] = 0.0143437
RooFormulaVar::sr2018failrecoil0_wjets_bin1[ actualVars=(wjets_norm,sr2018failrecoil0_zjetsMC_bin1_nominal,btag2018_smoothstep,lumi2018,sr2018failrecoil0_wjetsMC_bin1_nominal,sr2018failrecoil0_zjets_bin1,whf_fraction,jec2018,btag2018_smoothstep,zhf_fraction,trig_met2018,veto_tau2018,zjets_norm,btag2018) formula="(((((((((@4*(1.01**@10))*(1.03**@11))*(0.9961592893304086**@6))*(1.4**@0))*(1.05**@7))*(1.027**@3))*((@8*(1+(5307.187562015754*@13)))+((1-@8)*(1-(5357.070306020305*@13)))))/(((((((@1*(1.03**@11))*(1.01**@10))*(1.05**@7))*(1.027**@3))*(0.9901991312062343**@9))*((@8*(1+(9552.808060857978*@13)))+((1-@8)*(1-(9644.909244104121*@13)))))*(1.4**@12)))*@5)" ] = 5333.07
RooFormulaVar::sr2018failrecoil0_wjets_bin10[ actualVars=(wjets_norm,btag2018_smoothstep,lumi2018,sr2018failrecoil0_wjetsMC_bin10_nominal,sr2018failrecoil0_zjets_bin10,whf_fraction,jec2018,zjets_norm,zhf_fraction,sr2018failrecoil0_zjetsMC_bin10_nominal,trig_met2018,veto_tau2018,btag2018_smoothstep,btag2018) formula="(((((((((@3*(1.01**@10))*(1.03**@11))*(0.9961592893304086**@5))*(1.4**@0))*(1.05**@6))*(1.027**@2))*((@12*(1+(6515.66524597439*@13)))+((1-@12)*(1-(6580.815365508904*@13)))))/(((((((@9*(1.03**@11))*(1.01**@10))*(1.05**@6))*(1.027**@2))*(0.9901991312062343**@8))*((@12*(1+(11497.351974807852*@13)))+((1-@12)*(1-(11609.886318930538*@13)))))*(1.4**@7)))*@4)" ] = 6549.15
RooFormulaVar::sr2018failrecoil0_wjets_bin10_density[ actualVars=(sr2018failrecoil0_wjets_bin10,sr2018failrecoil0_wjets_norm) formula="((@0/20.0)/@1)" ] = 0.00212359
RooFormulaVar::sr2018failrecoil0_wjets_bin11[ actualVars=(btag2018,sr2018failrecoil0_zjets_bin11,btag2018_smoothstep,lumi2018,trig_met2018,sr2018failrecoil0_wjetsMC_bin11_nominal,whf_fraction,btag2018_smoothstep,zhf_fraction,jec2018,sr2018failrecoil0_zjetsMC_bin11_nominal,wjets_norm,zjets_norm,veto_tau2018) formula="(((((((((@5*(1.01**@4))*(1.03**@13))*(0.9961592893304086**@6))*(1.4**@11))*(1.05**@9))*(1.027**@3))*((@7*(1+(2979.758872548933*@0)))+((1-@7)*(1-(3008.9648986722386*@0)))))/(((((((@10*(1.03**@13))*(1.01**@4))*(1.05**@9))*(1.027**@3))*(0.9901991312062343**@8))*((@7*(1+(5306.665918698136*@0)))+((1-@7)*(1-(5358.372133948828*@0)))))*(1.4**@12)))*@1)" ] = 2995.32
RooFormulaVar::sr2018failrecoil0_wjets_bin11_density[ actualVars=(sr2018failrecoil0_wjets_bin11,sr2018failrecoil0_wjets_norm) formula="((@0/10.0)/@1)" ] = 0.00194249
RooFormulaVar::sr2018failrecoil0_wjets_bin12[ actualVars=(btag2018,btag2018_smoothstep,lumi2018,trig_met2018,sr2018failrecoil0_wjetsMC_bin12_nominal,whf_fraction,zjets_norm,zhf_fraction,btag2018_smoothstep,jec2018,veto_tau2018,sr2018failrecoil0_zjetsMC_bin12_nominal,wjets_norm,sr2018failrecoil0_zjets_bin12) formula="(((((((((@4*(1.01**@3))*(1.03**@10))*(0.9961592893304086**@5))*(1.4**@12))*(1.05**@9))*(1.027**@2))*((@8*(1+(5153.0748331209215*@0)))+((1-@8)*(1-(5203.696484938959*@0)))))/(((((((@11*(1.03**@10))*(1.01**@3))*(1.05**@9))*(1.027**@2))*(0.9901991312062343**@7))*((@8*(1+(9324.234612622013*@0)))+((1-@8)*(1-(9414.279045254318*@0)))))*(1.4**@6)))*@13)" ] = 5179.31
RooFormulaVar::sr2018failrecoil0_wjets_bin12_density[ actualVars=(sr2018failrecoil0_wjets_bin12,sr2018failrecoil0_wjets_norm) formula="((@0/20.0)/@1)" ] = 0.00167941
RooFormulaVar::sr2018failrecoil0_wjets_bin13[ actualVars=(sr2018failrecoil0_wjetsMC_bin13_nominal,wjets_norm,btag2018_smoothstep,zhf_fraction,trig_met2018,zjets_norm,veto_tau2018,sr2018failrecoil0_zjets_bin13,btag2018_smoothstep,jec2018,whf_fraction,sr2018failrecoil0_zjetsMC_bin13_nominal,lumi2018,btag2018) formula="(((((((((@0*(1.01**@4))*(1.03**@6))*(0.9961592893304086**@10))*(1.4**@1))*(1.05**@9))*(1.027**@12))*((@8*(1+(4289.6557232693385*@13)))+((1-@8)*(1-(4331.529504724856*@13)))))/(((((((@11*(1.03**@6))*(1.01**@4))*(1.05**@9))*(1.027**@12))*(0.9901991312062343**@3))*((@8*(1+(7606.63604146167*@13)))+((1-@8)*(1-(7679.773664595467*@13)))))*(1.4**@5)))*@7)" ] = 4311.54
RooFormulaVar::sr2018failrecoil0_wjets_bin13_density[ actualVars=(sr2018failrecoil0_wjets_bin13,sr2018failrecoil0_wjets_norm) formula="((@0/20.0)/@1)" ] = 0.00139803
RooFormulaVar::sr2018failrecoil0_wjets_bin14[ actualVars=(sr2018failrecoil0_zjetsMC_bin14_nominal,btag2018_smoothstep,wjets_norm,trig_met2018,sr2018failrecoil0_zjets_bin14,zhf_fraction,whf_fraction,zjets_norm,lumi2018,sr2018failrecoil0_wjetsMC_bin14_nominal,jec2018,veto_tau2018,btag2018_smoothstep,btag2018) formula="(((((((((@9*(1.01**@3))*(1.03**@11))*(0.9961592893304086**@6))*(1.4**@2))*(1.05**@10))*(1.027**@8))*((@12*(1+(3289.0072562928294*@13)))+((1-@12)*(1-(3321.338527658355*@13)))))/(((((((@0*(1.03**@11))*(1.01**@3))*(1.05**@10))*(1.027**@8))*(0.9901991312062343**@5))*((@12*(1+(5982.942320717277*@13)))+((1-@12)*(1-(6040.993437319833*@13)))))*(1.4**@7)))*@4)" ] = 3306.13
RooFormulaVar::sr2018failrecoil0_wjets_bin14_density[ actualVars=(sr2018failrecoil0_wjets_bin14,sr2018failrecoil0_wjets_norm) formula="((@0/20.0)/@1)" ] = 0.00107202
RooFormulaVar::sr2018failrecoil0_wjets_bin15[ actualVars=(wjets_norm,sr2018failrecoil0_zjets_bin15,sr2018failrecoil0_zjetsMC_bin15_nominal,btag2018_smoothstep,zhf_fraction,trig_met2018,whf_fraction,zjets_norm,lumi2018,sr2018failrecoil0_wjetsMC_bin15_nominal,jec2018,veto_tau2018,btag2018_smoothstep,btag2018) formula="(((((((((@9*(1.01**@5))*(1.03**@11))*(0.9961592893304086**@6))*(1.4**@0))*(1.05**@10))*(1.027**@8))*((@12*(1+(2500.091590246535*@13)))+((1-@12)*(1-(2524.6236645583326*@13)))))/(((((((@2*(1.03**@11))*(1.01**@5))*(1.05**@10))*(1.027**@8))*(0.9901991312062343**@4))*((@12*(1+(4490.097831697625*@13)))+((1-@12)*(1-(4535.2693244278735*@13)))))*(1.4**@7)))*@1)" ] = 2513.32
RooFormulaVar::sr2018failrecoil0_wjets_bin15_density[ actualVars=(sr2018failrecoil0_wjets_bin15,sr2018failrecoil0_wjets_norm) formula="((@0/20.0)/@1)" ] = 0.000814955
RooFormulaVar::sr2018failrecoil0_wjets_bin16[ actualVars=(wjets_norm,sr2018failrecoil0_wjetsMC_bin16_nominal,sr2018failrecoil0_zjetsMC_bin16_nominal,btag2018_smoothstep,lumi2018,jec2018,whf_fraction,btag2018_smoothstep,zhf_fraction,trig_met2018,veto_tau2018,sr2018failrecoil0_zjets_bin16,zjets_norm,btag2018) formula="(((((((((@1*(1.01**@9))*(1.03**@10))*(0.9961592893304086**@6))*(1.4**@0))*(1.05**@5))*(1.027**@4))*((@7*(1+(3913.252762245736*@13)))+((1-@7)*(1-(3956.144201626504*@13)))))/(((((((@2*(1.03**@10))*(1.01**@9))*(1.05**@5))*(1.027**@4))*(0.9901991312062343**@8))*((@7*(1+(7284.4850827664295*@13)))+((1-@7)*(1-(7361.723846945633*@13)))))*(1.4**@12)))*@11)" ] = 3935.63
RooFormulaVar::sr2018failrecoil0_wjets_bin1_density[ actualVars=(sr2018failrecoil0_wjets_bin1,sr2018failrecoil0_wjets_norm) formula="((@0/10.0)/@1)" ] = 0.00345854
RooFormulaVar::sr2018failrecoil0_wjets_bin2[ actualVars=(wjets_norm,sr2018failrecoil0_zjets_bin2,sr2018failrecoil0_zjetsMC_bin2_nominal,btag2018_smoothstep,lumi2018,sr2018failrecoil0_wjetsMC_bin2_nominal,whf_fraction,jec2018,btag2018_smoothstep,zhf_fraction,trig_met2018,veto_tau2018,zjets_norm,btag2018) formula="(((((((((@5*(1.01**@10))*(1.03**@11))*(0.9961592893304086**@6))*(1.4**@0))*(1.05**@7))*(1.027**@4))*((@8*(1+(4627.564098452484*@13)))+((1-@8)*(1-(4673.1186852592355*@13)))))/(((((((@2*(1.03**@11))*(1.01**@10))*(1.05**@7))*(1.027**@4))*(0.9901991312062343**@9))*((@8*(1+(8632.045177246131*@13)))+((1-@8)*(1-(8714.594323163368*@13)))))*(1.4**@12)))*@1)" ] = 4651.28
RooFormulaVar::sr2018failrecoil0_wjets_bin2_density[ actualVars=(sr2018failrecoil0_wjets_bin2,sr2018failrecoil0_wjets_norm) formula="((@0/10.0)/@1)" ] = 0.00301639
RooFormulaVar::sr2018failrecoil0_wjets_bin3[ actualVars=(btag2018,btag2018_smoothstep,lumi2018,trig_met2018,sr2018failrecoil0_wjetsMC_bin3_nominal,jec2018,btag2018_smoothstep,zhf_fraction,whf_fraction,sr2018failrecoil0_zjetsMC_bin3_nominal,veto_tau2018,sr2018failrecoil0_zjets_bin3,zjets_norm,wjets_norm) formula="(((((((((@4*(1.01**@3))*(1.03**@10))*(0.9961592893304086**@8))*(1.4**@13))*(1.05**@5))*(1.027**@2))*((@6*(1+(4439.693719076236*@0)))+((1-@6)*(1-(4484.832982794783*@0)))))/(((((((@9*(1.03**@10))*(1.01**@3))*(1.05**@5))*(1.027**@2))*(0.9901991312062343**@7))*((@6*(1+(7888.619199744427*@0)))+((1-@6)*(1-(7965.265737040472*@0)))))*(1.4**@12)))*@11)" ] = 4463.2
RooFormulaVar::sr2018failrecoil0_wjets_bin3_density[ actualVars=(sr2018failrecoil0_wjets_bin3,sr2018failrecoil0_wjets_norm) formula="((@0/10.0)/@1)" ] = 0.00289442
RooFormulaVar::sr2018failrecoil0_wjets_bin4[ actualVars=(btag2018,btag2018_smoothstep,lumi2018,trig_met2018,sr2018failrecoil0_wjetsMC_bin4_nominal,whf_fraction,btag2018_smoothstep,zhf_fraction,sr2018failrecoil0_zjets_bin4,jec2018,veto_tau2018,sr2018failrecoil0_zjetsMC_bin4_nominal,zjets_norm,wjets_norm) formula="(((((((((@4*(1.01**@3))*(1.03**@10))*(0.9961592893304086**@5))*(1.4**@13))*(1.05**@9))*(1.027**@2))*((@6*(1+(4028.677601784425*@0)))+((1-@6)*(1-(4069.8353520567243*@0)))))/(((((((@11*(1.03**@10))*(1.01**@3))*(1.05**@9))*(1.027**@2))*(0.9901991312062343**@7))*((@6*(1+(7354.488299762216*@0)))+((1-@6)*(1-(7427.608522665929*@0)))))*(1.4**@12)))*@8)" ] = 4050.2
RooFormulaVar::sr2018failrecoil0_wjets_bin4_density[ actualVars=(sr2018failrecoil0_wjets_bin4,sr2018failrecoil0_wjets_norm) formula="((@0/10.0)/@1)" ] = 0.00262659
RooFormulaVar::sr2018failrecoil0_wjets_bin5[ actualVars=(wjets_norm,sr2018failrecoil0_wjetsMC_bin5_nominal,btag2018_smoothstep,zhf_fraction,trig_met2018,sr2018failrecoil0_zjets_bin5,sr2018failrecoil0_zjetsMC_bin5_nominal,btag2018_smoothstep,veto_tau2018,jec2018,whf_fraction,zjets_norm,lumi2018,btag2018) formula="(((((((((@1*(1.01**@4))*(1.03**@8))*(0.9961592893304086**@10))*(1.4**@0))*(1.05**@9))*(1.027**@12))*((@7*(1+(3918.4698567364667*@13)))+((1-@7)*(1-(3957.969479088916*@13)))))/(((((((@6*(1.03**@8))*(1.01**@4))*(1.05**@9))*(1.027**@12))*(0.9901991312062343**@3))*((@7*(1+(6916.456755396284*@13)))+((1-@7)*(1-(6986.983403769573*@13)))))*(1.4**@11)))*@5)" ] = 3939.16
RooFormulaVar::sr2018failrecoil0_wjets_bin5_density[ actualVars=(sr2018failrecoil0_wjets_bin5,sr2018failrecoil0_wjets_norm) formula="((@0/10.0)/@1)" ] = 0.00255458
RooFormulaVar::sr2018failrecoil0_wjets_bin6[ actualVars=(wjets_norm,sr2018failrecoil0_zjets_bin6,btag2018_smoothstep,zhf_fraction,sr2018failrecoil0_wjetsMC_bin6_nominal,trig_met2018,sr2018failrecoil0_zjetsMC_bin6_nominal,btag2018_smoothstep,veto_tau2018,jec2018,whf_fraction,zjets_norm,lumi2018,btag2018) formula="(((((((((@4*(1.01**@5))*(1.03**@8))*(0.9961592893304086**@10))*(1.4**@0))*(1.05**@9))*(1.027**@12))*((@7*(1+(3787.8293086694257*@13)))+((1-@7)*(1-(3827.3362560329524*@13)))))/(((((((@6*(1.03**@8))*(1.01**@5))*(1.05**@9))*(1.027**@12))*(0.9901991312062343**@3))*((@7*(1+(6614.606982098605*@13)))+((1-@7)*(1-(6682.108252394282*@13)))))*(1.4**@11)))*@1)" ] = 3808.53
RooFormulaVar::sr2018failrecoil0_wjets_bin6_density[ actualVars=(sr2018failrecoil0_wjets_bin6,sr2018failrecoil0_wjets_norm) formula="((@0/10.0)/@1)" ] = 0.00246986
RooFormulaVar::sr2018failrecoil0_wjets_bin7[ actualVars=(wjets_norm,sr2018failrecoil0_zjets_bin7,btag2018_smoothstep,zhf_fraction,trig_met2018,whf_fraction,zjets_norm,lumi2018,sr2018failrecoil0_wjetsMC_bin7_nominal,sr2018failrecoil0_zjetsMC_bin7_nominal,jec2018,veto_tau2018,btag2018_smoothstep,btag2018) formula="(((((((((@8*(1.01**@4))*(1.03**@11))*(0.9961592893304086**@5))*(1.4**@0))*(1.05**@10))*(1.027**@7))*((@12*(1+(3587.6683316708213*@13)))+((1-@12)*(1-(3627.6164930159493*@13)))))/(((((((@9*(1.03**@11))*(1.01**@4))*(1.05**@10))*(1.027**@7))*(0.9901991312062343**@3))*((@12*(1+(6541.43816554521*@13)))+((1-@12)*(1-(6607.809258171358*@13)))))*(1.4**@6)))*@1)" ] = 3608.58
RooFormulaVar::sr2018failrecoil0_wjets_bin7_density[ actualVars=(sr2018failrecoil0_wjets_bin7,sr2018failrecoil0_wjets_norm) formula="((@0/10.0)/@1)" ] = 0.00234019
RooFormulaVar::sr2018failrecoil0_wjets_bin8[ actualVars=(wjets_norm,sr2018failrecoil0_zjets_bin8,btag2018_smoothstep,zhf_fraction,trig_met2018,whf_fraction,zjets_norm,lumi2018,sr2018failrecoil0_wjetsMC_bin8_nominal,jec2018,veto_tau2018,sr2018failrecoil0_zjetsMC_bin8_nominal,btag2018_smoothstep,btag2018) formula="(((((((((@8*(1.01**@4))*(1.03**@10))*(0.9961592893304086**@5))*(1.4**@0))*(1.05**@9))*(1.027**@7))*((@12*(1+(3587.46985270383*@13)))+((1-@12)*(1-(3624.382371474607*@13)))))/(((((((@11*(1.03**@10))*(1.01**@4))*(1.05**@9))*(1.027**@7))*(0.9901991312062343**@3))*((@12*(1+(6250.253934811919*@13)))+((1-@12)*(1-(6313.774513350113*@13)))))*(1.4**@6)))*@1)" ] = 3606.87
RooFormulaVar::sr2018failrecoil0_wjets_bin8_density[ actualVars=(sr2018failrecoil0_wjets_bin8,sr2018failrecoil0_wjets_norm) formula="((@0/10.0)/@1)" ] = 0.00233908
RooFormulaVar::sr2018failrecoil0_wjets_bin9[ actualVars=(wjets_norm,sr2018failrecoil0_wjetsMC_bin9_nominal,btag2018_smoothstep,lumi2018,jec2018,whf_fraction,zjets_norm,zhf_fraction,sr2018failrecoil0_zjets_bin9,sr2018failrecoil0_zjetsMC_bin9_nominal,trig_met2018,veto_tau2018,btag2018_smoothstep,btag2018) formula="(((((((((@1*(1.01**@10))*(1.03**@11))*(0.9961592893304086**@5))*(1.4**@0))*(1.05**@4))*(1.027**@3))*((@12*(1+(3458.3978358855443*@13)))+((1-@12)*(1-(3493.680802086215*@13)))))/(((((((@9*(1.03**@11))*(1.01**@10))*(1.05**@4))*(1.027**@3))*(0.9901991312062343**@7))*((@12*(1+(6090.98933026196*@13)))+((1-@12)*(1-(6151.708648864431*@13)))))*(1.4**@6)))*@8)" ] = 3476.99
RooFormulaVar::sr2018failrecoil0_wjets_bin9_density[ actualVars=(sr2018failrecoil0_wjets_bin9,sr2018failrecoil0_wjets_norm) formula="((@0/10.0)/@1)" ] = 0.00225485
RooFormulaVar::sr2018failrecoil0_wjets_norm[ actualVars=(sr2018failrecoil0_wjets_bin1,sr2018failrecoil0_wjets_bin12,sr2018failrecoil0_wjets_bin3,sr2018failrecoil0_wjets_bin9,sr2018failrecoil0_wjets_bin4,sr2018failrecoil0_wjets_bin7,sr2018failrecoil0_wjets_bin6,sr2018failrecoil0_wjets_bin10,sr2018failrecoil0_wjets_bin15,sr2018failrecoil0_wjets_bin13,sr2018failrecoil0_wjets_bin16,sr2018failrecoil0_wjets_bin5,sr2018failrecoil0_wjets_bin14,sr2018failrecoil0_wjets_bin0,sr2018failrecoil0_wjets_bin8,sr2018failrecoil0_wjets_bin11,sr2018failrecoil0_wjets_bin2) formula="((((@13+@0)+(@16+@2))+((@4+@11)+(@6+@5)))+(((@14+@3)+(@7+@15))+((@1+@9)+(@12+(@8+@10)))))" ] = 154200
RooFormulaVar::sr2018failrecoil0_zjets_bin0_density[ actualVars=(sr2018failrecoil0_zjets_bin0,sr2018failrecoil0_zjets_norm) formula="((@0/40.0)/@1)" ] = 0.0144145
RooFormulaVar::sr2018failrecoil0_zjets_bin10_density[ actualVars=(sr2018failrecoil0_zjets_norm,sr2018failrecoil0_zjets_bin10) formula="((@1/20.0)/@0)" ] = 0.0020743
RooFormulaVar::sr2018failrecoil0_zjets_bin11_density[ actualVars=(sr2018failrecoil0_zjets_bin11,sr2018failrecoil0_zjets_norm) formula="((@0/10.0)/@1)" ] = 0.00191496
RooFormulaVar::sr2018failrecoil0_zjets_bin12_density[ actualVars=(sr2018failrecoil0_zjets_norm,sr2018failrecoil0_zjets_bin12) formula="((@1/20.0)/@0)" ] = 0.00168216
RooFormulaVar::sr2018failrecoil0_zjets_bin13_density[ actualVars=(sr2018failrecoil0_zjets_bin13,sr2018failrecoil0_zjets_norm) formula="((@0/20.0)/@1)" ] = 0.00137229
RooFormulaVar::sr2018failrecoil0_zjets_bin14_density[ actualVars=(sr2018failrecoil0_zjets_norm,sr2018failrecoil0_zjets_bin14) formula="((@1/20.0)/@0)" ] = 0.00107945
RooFormulaVar::sr2018failrecoil0_zjets_bin15_density[ actualVars=(sr2018failrecoil0_zjets_bin15,sr2018failrecoil0_zjets_norm) formula="((@0/20.0)/@1)" ] = 0.000810299
RooFormulaVar::sr2018failrecoil0_zjets_bin1_density[ actualVars=(sr2018failrecoil0_zjets_bin1,sr2018failrecoil0_zjets_norm) formula="((@0/10.0)/@1)" ] = 0.00344676
RooFormulaVar::sr2018failrecoil0_zjets_bin2_density[ actualVars=(sr2018failrecoil0_zjets_norm,sr2018failrecoil0_zjets_bin2) formula="((@1/10.0)/@0)" ] = 0.00311445
RooFormulaVar::sr2018failrecoil0_zjets_bin3_density[ actualVars=(sr2018failrecoil0_zjets_bin3,sr2018failrecoil0_zjets_norm) formula="((@0/10.0)/@1)" ] = 0.00284646
RooFormulaVar::sr2018failrecoil0_zjets_bin4_density[ actualVars=(sr2018failrecoil0_zjets_norm,sr2018failrecoil0_zjets_bin4) formula="((@1/10.0)/@0)" ] = 0.00265405
RooFormulaVar::sr2018failrecoil0_zjets_bin5_density[ actualVars=(sr2018failrecoil0_zjets_bin5,sr2018failrecoil0_zjets_norm) formula="((@0/10.0)/@1)" ] = 0.00249631
RooFormulaVar::sr2018failrecoil0_zjets_bin6_density[ actualVars=(sr2018failrecoil0_zjets_norm,sr2018failrecoil0_zjets_bin6) formula="((@1/10.0)/@0)" ] = 0.0023874
RooFormulaVar::sr2018failrecoil0_zjets_bin7_density[ actualVars=(sr2018failrecoil0_zjets_bin7,sr2018failrecoil0_zjets_norm) formula="((@0/10.0)/@1)" ] = 0.00236092
RooFormulaVar::sr2018failrecoil0_zjets_bin8_density[ actualVars=(sr2018failrecoil0_zjets_norm,sr2018failrecoil0_zjets_bin8) formula="((@1/10.0)/@0)" ] = 0.00225586
RooFormulaVar::sr2018failrecoil0_zjets_bin9_density[ actualVars=(sr2018failrecoil0_zjets_bin9,sr2018failrecoil0_zjets_norm) formula="((@0/10.0)/@1)" ] = 0.00219817
RooFormulaVar::sr2018failrecoil0_zjets_norm[ actualVars=(sr2018failrecoil0_zjets_bin0,sr2018failrecoil0_zjets_bin11,sr2018failrecoil0_zjets_bin15,sr2018failrecoil0_zjets_bin8,sr2018failrecoil0_zjets_bin7,sr2018failrecoil0_zjets_bin1,sr2018failrecoil0_zjets_bin14,sr2018failrecoil0_zjets_bin2,sr2018failrecoil0_zjets_bin10,sr2018failrecoil0_zjets_bin3,sr2018failrecoil0_zjets_bin13,sr2018failrecoil0_zjets_bin4,sr2018failrecoil0_zjets_bin9,sr2018failrecoil0_zjets_bin5,sr2018failrecoil0_zjets_bin16,sr2018failrecoil0_zjets_bin6,sr2018failrecoil0_zjets_bin12) formula="((((@0+@5)+(@7+@9))+((@11+@13)+(@15+@4)))+(((@3+@12)+(@8+@1))+((@16+@10)+(@6+(@2+@14)))))" ] = 278515

datasets
--------
RooDataHist::sr2018failrecoil0_stMC(fjmass)
RooDataHist::sr2018failrecoil0_stMC_btag2018Up(fjmass)
RooDataHist::sr2018failrecoil0_stMC_btag2018Down(fjmass)
RooDataHist::sr2018failrecoil0_dyjetsMC(fjmass)
RooDataHist::sr2018failrecoil0_dyjetsMC_btag2018Up(fjmass)
RooDataHist::sr2018failrecoil0_dyjetsMC_btag2018Down(fjmass)
RooDataHist::sr2018failrecoil0_vvMC(fjmass)
RooDataHist::sr2018failrecoil0_vvMC_btag2018Up(fjmass)
RooDataHist::sr2018failrecoil0_vvMC_btag2018Down(fjmass)
RooDataHist::sr2018failrecoil0_hbbMC(fjmass)
RooDataHist::sr2018failrecoil0_hbbMC_btag2018Up(fjmass)
RooDataHist::sr2018failrecoil0_hbbMC_btag2018Down(fjmass)
RooDataHist::sr2018failrecoil0_qcdMC(fjmass)
RooDataHist::sr2018failrecoil0_qcdMC_btag2018Up(fjmass)
RooDataHist::sr2018failrecoil0_qcdMC_btag2018Down(fjmass)
RooDataHist::sr2018failrecoil0_Mhs_50(fjmass)
RooDataHist::sr2018failrecoil0_Mhs_50_btag2018Up(fjmass)
RooDataHist::sr2018failrecoil0_Mhs_50_btag2018Down(fjmass)
RooDataHist::sr2018failrecoil0_data_obs(fjmass)
RooDataHist::sr2018failrecoil0_observation(sr2018failrecoil0_channel,fjmass)